<?xml version="1.0" encoding="UTF-8"?>
<!-- Generated by org.testng.reporters.JUnitXMLReporter -->
<testsuite ignored="0" hostname="LTIN292975" failures="0" tests="4" name="chromeTest" time="51.54" errors="0" timestamp="2024-01-16T12:28:08 IST">
  <testcase classname="TestCases.TC_001_ValidateUser" name="ValidateUser" time="2.091"/>
  <testcase classname="TestCases.TC_002_ValidateImageAndHeaders" name="validateImageCountAndHeaders" time="0.608"/>
  <testcase classname="TestCases.TC_003_ValidateNewsItems" name="validateNewsItems" time="29.279"/>
  <testcase classname="TestCases.TC_004_ValidateAppsAndTools" name="validateAppsAndTools" time="9.348"/>
</testsuite> <!-- chromeTest -->
