<?xml version="1.0" encoding="UTF-8"?>
<!-- Generated by org.testng.reporters.JUnitXMLReporter -->
<testsuite ignored="0" hostname="LTIN292975" failures="0" tests="4" name="edgeTest" time="45.768" errors="0" timestamp="2024-01-16T12:28:54 IST">
  <testcase classname="TestCases.TC_001_ValidateUser" name="ValidateUser" time="1.286"/>
  <testcase classname="TestCases.TC_002_ValidateImageAndHeaders" name="validateImageCountAndHeaders" time="0.733"/>
  <testcase classname="TestCases.TC_003_ValidateNewsItems" name="validateNewsItems" time="27.833"/>
  <testcase classname="TestCases.TC_004_ValidateAppsAndTools" name="validateAppsAndTools" time="7.501"/>
</testsuite> <!-- edgeTest -->
