<?xml version="1.0" encoding="UTF-8"?>
<!-- Generated by org.testng.reporters.JUnitXMLReporter -->
<testsuite ignored="0" hostname="LTIN292975" failures="0" tests="4" name="ValiadateUser" time="48.498" errors="0" timestamp="2024-01-16T12:34:19 IST">
  <testcase classname="TestCases.TC_001_ValidateUser" name="ValidateUser" time="2.624"/>
  <testcase classname="TestCases.TC_002_ValidateImageAndHeaders" name="validateImageCountAndHeaders" time="0.589"/>
  <testcase classname="TestCases.TC_003_ValidateNewsItems" name="validateNewsItems" time="27.974"/>
  <testcase classname="TestCases.TC_004_ValidateAppsAndTools" name="validateAppsAndTools" time="7.803"/>
</testsuite> <!-- ValiadateUser -->
