<?xml version="1.0" encoding="UTF-8"?>
<testng-results ignored="0" total="4" passed="4" failed="0" skipped="0">
  <reporter-output>
  </reporter-output>
  <suite started-at="2024-01-16T12:33:30 IST" name="Suite" finished-at="2024-01-16T12:34:18 IST" duration-ms="48498">
    <groups>
    </groups>
    <test started-at="2024-01-16T12:33:30 IST" name="ValiadateUser" finished-at="2024-01-16T12:34:18 IST" duration-ms="48498">
      <class name="TestCases.TC_004_ValidateAppsAndTools">
        <test-method is-config="true" signature="setUp(java.lang.String,java.lang.String)[pri:0, instance:TestCases.TC_004_ValidateAppsAndTools@7161d8d1]" started-at="2024-01-16T12:33:30 IST" name="setUp" finished-at="2024-01-16T12:33:38 IST" duration-ms="7896" status="PASS">
          <params>
            <param index="0">
              <value>
                <![CDATA[Windows]]>
              </value>
            </param>
            <param index="1">
              <value>
                <![CDATA[chrome]]>
              </value>
            </param>
          </params>
          <reporter-output>
          </reporter-output>
        </test-method> <!-- setUp -->
        <test-method signature="ValidateUser()[pri:0, instance:TestCases.TC_004_ValidateAppsAndTools@7161d8d1]" started-at="2024-01-16T12:33:38 IST" name="ValidateUser" finished-at="2024-01-16T12:33:41 IST" duration-ms="2624" status="PASS">
          <reporter-output>
          </reporter-output>
        </test-method> <!-- ValidateUser -->
        <test-method signature="validateImageCountAndHeaders()[pri:0, instance:TestCases.TC_004_ValidateAppsAndTools@7161d8d1]" started-at="2024-01-16T12:33:41 IST" name="validateImageCountAndHeaders" finished-at="2024-01-16T12:33:41 IST" duration-ms="589" status="PASS">
          <reporter-output>
          </reporter-output>
        </test-method> <!-- validateImageCountAndHeaders -->
        <test-method signature="validateNewsItems()[pri:0, instance:TestCases.TC_004_ValidateAppsAndTools@7161d8d1]" started-at="2024-01-16T12:33:41 IST" name="validateNewsItems" finished-at="2024-01-16T12:34:09 IST" duration-ms="27974" status="PASS">
          <reporter-output>
          </reporter-output>
        </test-method> <!-- validateNewsItems -->
        <test-method signature="validateAppsAndTools()[pri:0, instance:TestCases.TC_004_ValidateAppsAndTools@7161d8d1]" started-at="2024-01-16T12:34:09 IST" name="validateAppsAndTools" finished-at="2024-01-16T12:34:17 IST" duration-ms="7803" status="PASS">
          <reporter-output>
          </reporter-output>
        </test-method> <!-- validateAppsAndTools -->
        <test-method is-config="true" signature="tearDown()[pri:0, instance:TestCases.TC_004_ValidateAppsAndTools@7161d8d1]" started-at="2024-01-16T12:34:17 IST" name="tearDown" finished-at="2024-01-16T12:34:18 IST" duration-ms="1192" status="PASS">
          <reporter-output>
          </reporter-output>
        </test-method> <!-- tearDown -->
      </class> <!-- TestCases.TC_004_ValidateAppsAndTools -->
    </test> <!-- ValiadateUser -->
  </suite> <!-- Suite -->
</testng-results>
